#
# There is insufficient memory for the Java Runtime Environment to continue.
# Native memory allocation (mmap) failed to map 8388608 bytes. Error detail: G1 virtual space
# Possible reasons:
#   The system is out of physical RAM or swap space
#   This process is running with CompressedOops enabled, and the Java Heap may be blocking the growth of the native heap
# Possible solutions:
#   Reduce memory load on the system
#   Increase physical memory or swap space
#   Check if swap backing store is full
#   Decrease Java heap size (-Xmx/-Xms)
#   Decrease number of Java threads
#   Decrease Java thread stack sizes (-Xss)
#   Set larger code cache with -XX:ReservedCodeCacheSize=
#   JVM is running with Zero Based Compressed Oops mode in which the Java heap is
#     placed in the first 32GB address space. The Java Heap base address is the
#     maximum limit for the native heap growth. Please use -XX:HeapBaseMinAddress
#     to set the Java Heap base and to place the Java Heap above 32GB virtual address.
# This output file may be truncated or incomplete.
#
#  Out of Memory Error (os_windows.cpp:3825), pid=2220, tid=6968
#
# JRE version:  (17.0.11) (build )
# Java VM: OpenJDK 64-Bit Server VM (17.0.11+0--11852314, mixed mode, sharing, tiered, compressed oops, compressed class ptrs, g1 gc, windows-amd64)
# No core dump will be written. Minidumps are not enabled by default on client versions of Windows
#

---------------  S U M M A R Y ------------

Command Line: -Dapplication.home=C:\Users\hntrn\AppData\Local\Programs\Android Studio\jbr --add-modules=ALL-DEFAULT -Xms8m -Djdk.module.main=jdk.jlink jdk.jlink/jdk.tools.jlink.internal.Main --version

Host: Intel(R) Core(TM) i5-10400F CPU @ 2.90GHz, 12 cores, 15G,  Windows 11 , 64 bit Build 22621 (10.0.22621.3958)
Time: Mon Sep 30 19:45:23 2024 SE Asia Standard Time elapsed time: 0.014939 seconds (0d 0h 0m 0s)

---------------  T H R E A D  ---------------

Current thread (0x0000021518fde210):  JavaThread "Unknown thread" [_thread_in_vm, id=6968, stack(0x00000043be000000,0x00000043be100000)]

Stack: [0x00000043be000000,0x00000043be100000]
Native frames: (J=compiled Java code, j=interpreted, Vv=VM code, C=native code)
V  [jvm.dll+0x687bb9]
V  [jvm.dll+0x84142a]
V  [jvm.dll+0x8430ae]
V  [jvm.dll+0x843713]
V  [jvm.dll+0x24a35f]
V  [jvm.dll+0x684989]
V  [jvm.dll+0x67923a]
V  [jvm.dll+0x30af0b]
V  [jvm.dll+0x3123b6]
V  [jvm.dll+0x361dfe]
V  [jvm.dll+0x36202f]
V  [jvm.dll+0x2e0d38]
V  [jvm.dll+0x2e1ca4]
V  [jvm.dll+0x811f21]
V  [jvm.dll+0x36fb68]
V  [jvm.dll+0x7f0896]
V  [jvm.dll+0x3f3d2f]
V  [jvm.dll+0x3f58e1]
C  [jli.dll+0x528f]
C  [ucrtbase.dll+0x29333]
C  [KERNEL32.DLL+0x1257d]
C  [ntdll.dll+0x5af28]


---------------  P R O C E S S  ---------------

Threads class SMR info:
_java_thread_list=0x00007ff8a9a4efd8, length=0, elements={
}

Java Threads: ( => current thread )

Other Threads:
  0x000002151904c0f0 GCTaskThread "GC Thread#0" [stack: 0x00000043be100000,0x00000043be200000] [id=2036]
  0x000002151905ce00 ConcurrentGCThread "G1 Main Marker" [stack: 0x00000043be200000,0x00000043be300000] [id=13044]
  0x000002151905dfd0 ConcurrentGCThread "G1 Conc#0" [stack: 0x00000043be300000,0x00000043be400000] [id=15280]

[error occurred during error reporting (printing all threads), id 0xc0000005, EXCEPTION_ACCESS_VIOLATION (0xc0000005) at pc=0x00007ff8a9201907]

VM state: not at safepoint (not fully initialized)

VM Mutex/Monitor currently owned by a thread:  ([mutex/lock_event])
[0x0000021518fd8ee0] Heap_lock - owner thread: 0x0000021518fde210

Heap address: 0x0000000702400000, size: 4060 MB, Compressed Oops mode: Zero based, Oop shift amount: 3

CDS archive(s) mapped at: [0x0000000000000000-0x0000000000000000-0x0000000000000000), size 0, SharedBaseAddress: 0x0000000800000000, ArchiveRelocationMode: 1.
Narrow klass base: 0x0000000000000000, Narrow klass shift: 0, Narrow klass range: 0x0

GC Precious Log:
<Empty>

Heap:
 garbage-first heap   total 0K, used 0K [0x0000000702400000, 0x0000000800000000)
  region size 2048K, 0 young (0K), 0 survivors (0K)
 Metaspace       used 0K, committed 0K, reserved 0K
  class space    used 0K, committed 0K, reserved 0K

Heap Regions: E=young(eden), S=young(survivor), O=old, HS=humongous(starts), HC=humongous(continues), CS=collection set, F=free, OA=open archive, CA=closed archive, TAMS=top-at-mark-start (previous, next)

Card table byte_map: [0x000002152c1f0000,0x000002152c9e0000] _byte_map_base: 0x00000215289de000

Marking Bits (Prev, Next): (CMBitMap*) 0x000002151904c710, (CMBitMap*) 0x000002151904c750
 Prev Bits: [0x000002152d1d0000, 0x0000021531140000)
 Next Bits: [0x0000021531140000, 0x00000215350b0000)

GC Heap History (0 events):
No events

Dll operation events (1 events):
Event: 0.010 Loaded shared library C:\Users\hntrn\AppData\Local\Programs\Android Studio\jbr\bin\java.dll

Deoptimization events (0 events):
No events

Classes unloaded (0 events):
No events

Classes redefined (0 events):
No events

Internal exceptions (0 events):
No events

VM Operations (0 events):
No events

Events (0 events):
No events


Dynamic libraries:
0x00007ff7fac70000 - 0x00007ff7fac78000 	C:\Users\hntrn\AppData\Local\Programs\Android Studio\jbr\bin\jlink.exe
0x00007ff932130000 - 0x00007ff932347000 	C:\WINDOWS\SYSTEM32\ntdll.dll
0x00007ff9316f0000 - 0x00007ff9317b4000 	C:\WINDOWS\System32\KERNEL32.DLL
0x00007ff92f990000 - 0x00007ff92fd3d000 	C:\WINDOWS\System32\KERNELBASE.dll
0x00007ff92fd40000 - 0x00007ff92fe51000 	C:\WINDOWS\System32\ucrtbase.dll
0x00007ff8ed900000 - 0x00007ff8ed917000 	C:\Users\hntrn\AppData\Local\Programs\Android Studio\jbr\bin\jli.dll
0x00007ff8e6cd0000 - 0x00007ff8e6ceb000 	C:\Users\hntrn\AppData\Local\Programs\Android Studio\jbr\bin\VCRUNTIME140.dll
0x00007ff931d10000 - 0x00007ff931ebe000 	C:\WINDOWS\System32\USER32.dll
0x00007ff920b50000 - 0x00007ff920de3000 	C:\WINDOWS\WinSxS\amd64_microsoft.windows.common-controls_6595b64144ccf1df_6.0.22621.3672_none_2713b9d173822955\COMCTL32.dll
0x00007ff92f480000 - 0x00007ff92f4a6000 	C:\WINDOWS\System32\win32u.dll
0x00007ff930900000 - 0x00007ff9309a7000 	C:\WINDOWS\System32\msvcrt.dll
0x00007ff930060000 - 0x00007ff930089000 	C:\WINDOWS\System32\GDI32.dll
0x00007ff92f730000 - 0x00007ff92f849000 	C:\WINDOWS\System32\gdi32full.dll
0x00007ff92f690000 - 0x00007ff92f72a000 	C:\WINDOWS\System32\msvcp_win.dll
0x00007ff930a90000 - 0x00007ff930ac1000 	C:\WINDOWS\System32\IMM32.DLL
0x00007ff906890000 - 0x00007ff90689c000 	C:\Users\hntrn\AppData\Local\Programs\Android Studio\jbr\bin\vcruntime140_1.dll
0x00007ff8c0ff0000 - 0x00007ff8c107d000 	C:\Users\hntrn\AppData\Local\Programs\Android Studio\jbr\bin\msvcp140.dll
0x00007ff8a8f10000 - 0x00007ff8a9b93000 	C:\Users\hntrn\AppData\Local\Programs\Android Studio\jbr\bin\server\jvm.dll
0x00007ff92ffa0000 - 0x00007ff930052000 	C:\WINDOWS\System32\ADVAPI32.dll
0x00007ff931f20000 - 0x00007ff931fc9000 	C:\WINDOWS\System32\sechost.dll
0x00007ff92f450000 - 0x00007ff92f478000 	C:\WINDOWS\System32\bcrypt.dll
0x00007ff92fe60000 - 0x00007ff92ff74000 	C:\WINDOWS\System32\RPCRT4.dll
0x00007ff92e300000 - 0x00007ff92e34d000 	C:\WINDOWS\SYSTEM32\POWRPROF.dll
0x00007ff926e00000 - 0x00007ff926e34000 	C:\WINDOWS\SYSTEM32\WINMM.dll
0x00007ff9122b0000 - 0x00007ff9122b9000 	C:\WINDOWS\SYSTEM32\WSOCK32.dll
0x00007ff928900000 - 0x00007ff92890a000 	C:\WINDOWS\SYSTEM32\VERSION.dll
0x00007ff931820000 - 0x00007ff931891000 	C:\WINDOWS\System32\WS2_32.dll
0x00007ff92e2e0000 - 0x00007ff92e2f3000 	C:\WINDOWS\SYSTEM32\UMPDC.dll
0x00007ff92e590000 - 0x00007ff92e5a8000 	C:\WINDOWS\SYSTEM32\kernel.appcore.dll
0x00007ff922170000 - 0x00007ff92217a000 	C:\Users\hntrn\AppData\Local\Programs\Android Studio\jbr\bin\jimage.dll
0x00007ff91df60000 - 0x00007ff91e192000 	C:\WINDOWS\SYSTEM32\DBGHELP.DLL
0x00007ff9311a0000 - 0x00007ff93152e000 	C:\WINDOWS\System32\combase.dll
0x00007ff931bb0000 - 0x00007ff931c87000 	C:\WINDOWS\System32\OLEAUT32.dll
0x00007ff912e60000 - 0x00007ff912e92000 	C:\WINDOWS\SYSTEM32\dbgcore.DLL
0x00007ff92f910000 - 0x00007ff92f98b000 	C:\WINDOWS\System32\bcryptPrimitives.dll
0x00007ff9201d0000 - 0x00007ff9201f5000 	C:\Users\hntrn\AppData\Local\Programs\Android Studio\jbr\bin\java.dll

dbghelp: loaded successfully - version: 4.0.5 - missing functions: none
symbol engine: initialized successfully - sym options: 0x614 - pdb path: .;C:\Users\hntrn\AppData\Local\Programs\Android Studio\jbr\bin;C:\WINDOWS\SYSTEM32;C:\WINDOWS\WinSxS\amd64_microsoft.windows.common-controls_6595b64144ccf1df_6.0.22621.3672_none_2713b9d173822955;C:\Users\hntrn\AppData\Local\Programs\Android Studio\jbr\bin\server

VM Arguments:
jvm_args: -Dapplication.home=C:\Users\hntrn\AppData\Local\Programs\Android Studio\jbr --add-modules=ALL-DEFAULT -Xms8m -Djdk.module.main=jdk.jlink 
java_command: jdk.jlink/jdk.tools.jlink.internal.Main --version
java_class_path (initial): <not set>
Launcher Type: SUN_STANDARD

[Global flags]
     intx CICompilerCount                          = 4                                         {product} {ergonomic}
     uint ConcGCThreads                            = 3                                         {product} {ergonomic}
     uint G1ConcRefinementThreads                  = 10                                        {product} {ergonomic}
   size_t G1HeapRegionSize                         = 2097152                                   {product} {ergonomic}
    uintx GCDrainStackTargetSize                   = 64                                        {product} {ergonomic}
   size_t InitialHeapSize                          = 8388608                                   {product} {command line}
   size_t MarkStackSize                            = 4194304                                   {product} {ergonomic}
   size_t MaxHeapSize                              = 4257218560                                {product} {ergonomic}
   size_t MinHeapDeltaBytes                        = 2097152                                   {product} {ergonomic}
   size_t MinHeapSize                              = 8388608                                   {product} {command line}
    uintx NonNMethodCodeHeapSize                   = 5839372                                {pd product} {ergonomic}
    uintx NonProfiledCodeHeapSize                  = 122909434                              {pd product} {ergonomic}
    uintx ProfiledCodeHeapSize                     = 122909434                              {pd product} {ergonomic}
    uintx ReservedCodeCacheSize                    = 251658240                              {pd product} {ergonomic}
     bool SegmentedCodeCache                       = true                                      {product} {ergonomic}
   size_t SoftMaxHeapSize                          = 4257218560                             {manageable} {ergonomic}
     bool UseCompressedClassPointers               = true                           {product lp64_product} {ergonomic}
     bool UseCompressedOops                        = true                           {product lp64_product} {ergonomic}
     bool UseG1GC                                  = true                                      {product} {ergonomic}
     bool UseLargePagesIndividualAllocation        = false                                  {pd product} {ergonomic}

Logging:
Log output configuration:
 #0: stdout all=warning uptime,level,tags
 #1: stderr all=off uptime,level,tags

Environment Variables:
PATH=C:\Program Files (x86)\VMware\VMware Workstation\bin\;C:\Program Files (x86)\VMware\VMware Workstation\vmware.exe;C:\Program Files\Common Files\Oracle\Java\javapath;C:\OracleApp\WINDOWS.X64_193000_db_home\bin;C:\WINDOWS\system32;C:\WINDOWS;C:\WINDOWS\System32\Wbem;C:\WINDOWS\System32\WindowsPowerShell\v1.0\;C:\WINDOWS\System32\OpenSSH\;C:\Program Files\nodejs\;C:\Program Files\Git\cmd;C:\Program Files\Cloudflare\Cloudflare WARP\;C:\Program Files\PowerShell\7\;;C:\Program Files (x86)\NVIDIA Corporation\PhysX\Common;C:\Users\hntrn\kafka_2.13-3.5.1\bin\windows;C:\Users\hntrn\apache-maven-3.9.6\bin;C:\Users\hntrn\AppData\Roaming\npm;C:\Program Files\PostgreSQL\16\bin;C:\Users\hntrn\AppData\Local\Microsoft\WindowsApps;C:\Users\hntrn\AppData\Local\JetBrains\Toolbox\scripts;C:\Program Files\heroku\bin;C:\Program Files\JetBrains\PyCharm 2024.2.0.1\bin;
USERNAME=viethantrinh
OS=Windows_NT
PROCESSOR_IDENTIFIER=Intel64 Family 6 Model 165 Stepping 3, GenuineIntel
TMP=C:\Users\hntrn\AppData\Local\Temp
TEMP=C:\Users\hntrn\AppData\Local\Temp



Periodic native trim disabled

JNI global refs:
JNI global refs: 0, weak refs: 0

JNI global refs memory usage: 0, weak refs: 0

Process memory usage:
Resident Set Size: 11760K (0% of 16626240K total physical memory with 231788K free physical memory)

OOME stack traces (most recent first):
Classloader memory used:


---------------  S Y S T E M  ---------------

OS:
 Windows 11 , 64 bit Build 22621 (10.0.22621.3958)
OS uptime: 0 days 0:25 hours

CPU: total 12 (initial active 12) (6 cores per cpu, 2 threads per core) family 6 model 165 stepping 3 microcode 0xf8, cx8, cmov, fxsr, ht, mmx, 3dnowpref, sse, sse2, sse3, ssse3, sse4.1, sse4.2, popcnt, lzcnt, tsc, tscinvbit, avx, avx2, aes, erms, clmul, bmi1, bmi2, adx, fma, vzeroupper, clflush, clflushopt
Processor Information for all 12 processors :
  Max Mhz: 2904, Current Mhz: 2904, Mhz Limit: 2904

Memory: 4k page, system-wide physical 16236M (226M free)
TotalPageFile size 22236M (AvailPageFile size 49M)
current process WorkingSet (physical memory assigned to process): 11M, peak: 11M
current process commit charge ("private bytes"): 64M, peak: 72M

vm_info: OpenJDK 64-Bit Server VM (17.0.11+0--11852314) for windows-amd64 JRE (17.0.11+0--11852314), built on May 16 2024 21:29:20 by "androidbuild" with MS VC++ 16.10 / 16.11 (VS2019)

END.
